[debug] [2023-09-06T00:12:11.625Z] ----------------------------------------------------------------------
[debug] [2023-09-06T00:12:11.627Z] Command:       C:\Program Files\nodejs\node.exe C:\Users\Asus-A15\AppData\Roaming\npm\node_modules\firebase-tools\lib\bin\firebase.js init
[debug] [2023-09-06T00:12:11.628Z] CLI Version:   12.5.2
[debug] [2023-09-06T00:12:11.628Z] Platform:      win32
[debug] [2023-09-06T00:12:11.628Z] Node Version:  v18.16.0
[debug] [2023-09-06T00:12:11.629Z] Time:          Tue Sep 05 2023 19:12:11 GMT-0500 (hora de Ecuador)
[debug] [2023-09-06T00:12:11.630Z] ----------------------------------------------------------------------
[debug] 
[debug] [2023-09-06T00:12:11.641Z] > command requires scopes: ["email","openid","https://www.googleapis.com/auth/cloudplatformprojects.readonly","https://www.googleapis.com/auth/firebase","https://www.googleapis.com/auth/cloud-platform"]
[debug] [2023-09-06T00:12:11.641Z] > authorizing via signed-in user (castillolj3004@gmail.com)
[info] 
     ######## #### ########  ######## ########     ###     ######  ########
     ##        ##  ##     ## ##       ##     ##  ##   ##  ##       ##
     ######    ##  ########  ######   ########  #########  ######  ######
     ##        ##  ##    ##  ##       ##     ## ##     ##       ## ##
     ##       #### ##     ## ######## ########  ##     ##  ######  ########

You're about to initialize a Firebase project in this directory:

  C:\Users\Asus-A15\OneDrive\Documentos\Carlos Castillo\Cursos\AngularAvanzado\07-goty

[info] 
=== Project Setup
[info] 
[info] First, let's associate this project directory with a Firebase project.
[info] You can create multiple project aliases by running firebase use --add, 
[info] but for now we'll just set up a default project.
[info] 
[debug] [2023-09-06T00:12:43.683Z] Using project from CLI flag: firestore-grafica-angula-afd75
[debug] [2023-09-06T00:12:43.685Z] > refreshing access token with scopes: []
[debug] [2023-09-06T00:12:43.686Z] >>> [apiv2][query] POST https://www.googleapis.com/oauth2/v3/token [none]
[debug] [2023-09-06T00:12:43.687Z] >>> [apiv2][body] POST https://www.googleapis.com/oauth2/v3/token [omitted]
[debug] [2023-09-06T00:12:43.993Z] <<< [apiv2][status] POST https://www.googleapis.com/oauth2/v3/token 200
[debug] [2023-09-06T00:12:43.993Z] <<< [apiv2][body] POST https://www.googleapis.com/oauth2/v3/token [omitted]
[debug] [2023-09-06T00:12:44.000Z] >>> [apiv2][query] GET https://firebase.googleapis.com/v1beta1/projects/firestore-grafica-angula-afd75 [none]
[debug] [2023-09-06T00:12:44.440Z] <<< [apiv2][status] GET https://firebase.googleapis.com/v1beta1/projects/firestore-grafica-angula-afd75 200
[debug] [2023-09-06T00:12:44.440Z] <<< [apiv2][body] GET https://firebase.googleapis.com/v1beta1/projects/firestore-grafica-angula-afd75 {"projectId":"firestore-grafica-angula-afd75","projectNumber":"226375223700","displayName":"firestore-grafica-angular","name":"projects/firestore-grafica-angula-afd75","resources":{"hostingSite":"firestore-grafica-angula-afd75"},"state":"ACTIVE","etag":"1_41f869c1-329c-4d0a-94b4-354dee0a9f3a"}
[info] i  Using project firestore-grafica-angula-afd75 (firestore-grafica-angular) 
[info] 
=== Hosting Setup
[info] 
[info] Your public directory is the folder (relative to your project directory) that
[info] will contain Hosting assets to be uploaded with firebase deploy. If you
[info] have a build process for your assets, use your build's output directory.
[info] 
[debug] [2023-09-06T00:13:51.608Z] ----------------------------------------------------------------------
[debug] [2023-09-06T00:13:51.610Z] Command:       C:\Program Files\nodejs\node.exe C:\Users\Asus-A15\AppData\Roaming\npm\node_modules\firebase-tools\lib\bin\firebase.js init
[debug] [2023-09-06T00:13:51.610Z] CLI Version:   12.5.2
[debug] [2023-09-06T00:13:51.611Z] Platform:      win32
[debug] [2023-09-06T00:13:51.611Z] Node Version:  v18.16.0
[debug] [2023-09-06T00:13:51.612Z] Time:          Tue Sep 05 2023 19:13:51 GMT-0500 (hora de Ecuador)
[debug] [2023-09-06T00:13:51.612Z] ----------------------------------------------------------------------
[debug] 
[debug] [2023-09-06T00:13:51.623Z] > command requires scopes: ["email","openid","https://www.googleapis.com/auth/cloudplatformprojects.readonly","https://www.googleapis.com/auth/firebase","https://www.googleapis.com/auth/cloud-platform"]
[debug] [2023-09-06T00:13:51.624Z] > authorizing via signed-in user (castillolj3004@gmail.com)
[info] 
     ######## #### ########  ######## ########     ###     ######  ########
     ##        ##  ##     ## ##       ##     ##  ##   ##  ##       ##
     ######    ##  ########  ######   ########  #########  ######  ######
     ##        ##  ##    ##  ##       ##     ## ##     ##       ## ##
     ##       #### ##     ## ######## ########  ##     ##  ######  ########

You're about to initialize a Firebase project in this directory:

  C:\Users\Asus-A15\OneDrive\Documentos\Carlos Castillo\Cursos\AngularAvanzado\07-goty

[info] 
=== Project Setup
[info] 
[info] First, let's associate this project directory with a Firebase project.
[info] You can create multiple project aliases by running firebase use --add, 
[info] but for now we'll just set up a default project.
[info] 
[debug] [2023-09-06T00:13:57.245Z] Using project from CLI flag: firestore-grafica-angula-afd75
[debug] [2023-09-06T00:13:57.248Z] >>> [apiv2][query] GET https://firebase.googleapis.com/v1beta1/projects/firestore-grafica-angula-afd75 [none]
[debug] [2023-09-06T00:13:57.723Z] <<< [apiv2][status] GET https://firebase.googleapis.com/v1beta1/projects/firestore-grafica-angula-afd75 200
[debug] [2023-09-06T00:13:57.723Z] <<< [apiv2][body] GET https://firebase.googleapis.com/v1beta1/projects/firestore-grafica-angula-afd75 {"projectId":"firestore-grafica-angula-afd75","projectNumber":"226375223700","displayName":"firestore-grafica-angular","name":"projects/firestore-grafica-angula-afd75","resources":{"hostingSite":"firestore-grafica-angula-afd75"},"state":"ACTIVE","etag":"1_41f869c1-329c-4d0a-94b4-354dee0a9f3a"}
[info] i  Using project firestore-grafica-angula-afd75 (firestore-grafica-angular) 
[info] 
=== Hosting Setup
[info] 
[info] Your public directory is the folder (relative to your project directory) that
[info] will contain Hosting assets to be uploaded with firebase deploy. If you
[info] have a build process for your assets, use your build's output directory.
[info] 
[debug] [2023-09-06T00:14:29.448Z] >>> [apiv2][query] GET https://www.gstatic.com/firebasejs/releases.json [none]
[debug] [2023-09-06T00:14:29.740Z] <<< [apiv2][status] GET https://www.gstatic.com/firebasejs/releases.json 200
[debug] [2023-09-06T00:14:29.741Z] <<< [apiv2][body] GET https://www.gstatic.com/firebasejs/releases.json {"current":{"version":"10.3.1","browserURL":"https://www.gstatic.com/firebasejs/10.3.1/firebase.js","packageURL":"https://www.gstatic.com/firebasejs/10.3.1/firebase.tgz"},"live":{"version":"10.3","browserURL":"https://www.gstatic.com/firebasejs/live/10.3/firebase.js","packageURL":"https://www.gstatic.com/firebasejs/live/10.3/firebase.tgz"},"components":{"analytics":"https://www.gstatic.com/firebasejs/10.3.1/firebase-analytics.js","app":"https://www.gstatic.com/firebasejs/10.3.1/firebase-app.js","app-check":"https://www.gstatic.com/firebasejs/10.3.1/firebase-app-check.js","auth":"https://www.gstatic.com/firebasejs/10.3.1/firebase-auth.js","auth/cordova":"https://www.gstatic.com/firebasejs/10.3.1/firebase-auth/cordova.js","functions":"https://www.gstatic.com/firebasejs/10.3.1/firebase-functions.js","firestore":"https://www.gstatic.com/firebasejs/10.3.1/firebase-firestore.js","firestore/lite":"https://www.gstatic.com/firebasejs/10.3.1/firebase-firestore/lite.js","installations":"https://www.gstatic.com/firebasejs/10.3.1/firebase-installations.js","storage":"https://www.gstatic.com/firebasejs/10.3.1/firebase-storage.js","performance":"https://www.gstatic.com/firebasejs/10.3.1/firebase-performance.js","remote-config":"https://www.gstatic.com/firebasejs/10.3.1/firebase-remote-config.js","messaging":"https://www.gstatic.com/firebasejs/10.3.1/firebase-messaging.js","messaging/sw":"https://www.gstatic.com/firebasejs/10.3.1/firebase-messaging/sw.js","database":"https://www.gstatic.com/firebasejs/10.3.1/firebase-database.js","firestore.memory":"https://www.gstatic.com/firebasejs/10.3.1/firebase-firestore.memory.js"}}
[info] i  Skipping write of /dist/goty/index.html 
[info] 
[info] i  Detected a .git folder at C:\Users\Asus-A15\OneDrive\Documentos\Carlos Castillo\Cursos\AngularAvanzado\07-goty 
[info] i  Authorizing with GitHub to upload your service account to a GitHub repository's secrets store. 
[info] 
[info] Visit this URL on this device to log in:
[info] https://github.com/login/oauth/authorize?client_id=89cf50f02ac6aaed3484&state=620019158&redirect_uri=http%3A%2F%2Flocalhost%3A9005&scope=read%3Auser%20repo%20public_repo
[info] 
[info] Waiting for authentication...
[debug] [2023-09-06T00:14:57.781Z] >>> [apiv2][query] POST https://github.com/login/oauth/access_token [none]
[debug] [2023-09-06T00:14:57.781Z] >>> [apiv2][body] POST https://github.com/login/oauth/access_token [stream]
[debug] [2023-09-06T00:14:58.173Z] <<< [apiv2][status] POST https://github.com/login/oauth/access_token 200
[debug] [2023-09-06T00:14:58.173Z] <<< [apiv2][body] POST https://github.com/login/oauth/access_token {"access_token":"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","token_type":"bearer","scope":"read:user,repo"}
[debug] [2023-09-06T00:14:58.178Z] >>> [apiv2][query] GET https://api.github.com/user [none]
[debug] [2023-09-06T00:14:58.580Z] <<< [apiv2][status] GET https://api.github.com/user 200
[debug] [2023-09-06T00:14:58.580Z] <<< [apiv2][body] GET https://api.github.com/user {"login":"Castillo3004","id":56699571,"node_id":"MDQ6VXNlcjU2Njk5NTcx","avatar_url":"https://avatars.githubusercontent.com/u/56699571?v=4","gravatar_id":"","url":"https://api.github.com/users/Castillo3004","html_url":"https://github.com/Castillo3004","followers_url":"https://api.github.com/users/Castillo3004/followers","following_url":"https://api.github.com/users/Castillo3004/following{/other_user}","gists_url":"https://api.github.com/users/Castillo3004/gists{/gist_id}","starred_url":"https://api.github.com/users/Castillo3004/starred{/owner}{/repo}","subscriptions_url":"https://api.github.com/users/Castillo3004/subscriptions","organizations_url":"https://api.github.com/users/Castillo3004/orgs","repos_url":"https://api.github.com/users/Castillo3004/repos","events_url":"https://api.github.com/users/Castillo3004/events{/privacy}","received_events_url":"https://api.github.com/users/Castillo3004/received_events","type":"User","site_admin":false,"name":null,"company":null,"blog":"","location":null,"email":null,"hireable":null,"bio":null,"twitter_username":null,"public_repos":30,"public_gists":0,"followers":0,"following":2,"created_at":"2019-10-17T20:07:55Z","updated_at":"2023-09-01T22:51:36Z","private_gists":0,"total_private_repos":5,"owned_private_repos":5,"disk_usage":249080,"collaborators":1,"two_factor_authentication":true,"plan":{"name":"free","space":976562499,"collaborators":0,"private_repos":10000}}
[info] 
[info] +  Success! Logged into GitHub as Castillo3004 
[info] 
[debug] [2023-09-06T00:15:05.653Z] >>> [apiv2][query] GET https://api.github.com/repos//actions/secrets/public-key type=owner
[debug] [2023-09-06T00:15:06.019Z] <<< [apiv2][status] GET https://api.github.com/repos//actions/secrets/public-key 404
[debug] [2023-09-06T00:15:06.019Z] <<< [apiv2][body] GET https://api.github.com/repos//actions/secrets/public-key {"message":"Not Found","documentation_url":"https://docs.github.com/rest"}
[info] 
[info] 
[error] !  The provided authorization cannot be used with this repository. If this repository is in an organization, did you remember to grant access? 
[info] 
[info] i  Action required: Visit this URL to ensure access has been granted to the appropriate organization(s) for the Firebase CLI GitHub OAuth App: 
[info] https://github.com/settings/connections/applications/89cf50f02ac6aaed3484
[info] 
[debug] [2023-09-06T00:16:47.470Z] >>> [apiv2][query] GET https://api.github.com/repos/Castillo3004/goty/actions/secrets/public-key type=owner
[debug] [2023-09-06T00:16:47.954Z] <<< [apiv2][status] GET https://api.github.com/repos/Castillo3004/goty/actions/secrets/public-key 401
[debug] [2023-09-06T00:16:47.954Z] <<< [apiv2][body] GET https://api.github.com/repos/Castillo3004/goty/actions/secrets/public-key {"message":"Bad credentials","documentation_url":"https://docs.github.com/rest"}
[debug] [2023-09-06T00:17:07.058Z] >>> [apiv2][query] GET https://api.github.com/repos/Castillo3004/goty/actions/secrets/public-key type=owner
[debug] [2023-09-06T00:17:07.359Z] >>> [apiv2][query] GET https://api.github.com/repos//actions/secrets/public-key type=owner
[debug] [2023-09-06T00:17:07.422Z] <<< [apiv2][status] GET https://api.github.com/repos/Castillo3004/goty/actions/secrets/public-key 401
[debug] [2023-09-06T00:17:07.423Z] <<< [apiv2][body] GET https://api.github.com/repos/Castillo3004/goty/actions/secrets/public-key {"message":"Bad credentials","documentation_url":"https://docs.github.com/rest"}
[debug] [2023-09-06T00:17:07.694Z] <<< [apiv2][status] GET https://api.github.com/repos//actions/secrets/public-key 401
[debug] [2023-09-06T00:17:07.694Z] <<< [apiv2][body] GET https://api.github.com/repos//actions/secrets/public-key {"message":"Bad credentials","documentation_url":"https://docs.github.com/rest"}
